Using pre-set license
Built from '2020.3/staging' branch; Version is '2020.3.20f1 (41c4e627c95f) revision 4310246'; Using compiler version '192528614'; Build Type 'Release'
OS: 'Windows 10 Home; OS build 19043.1288; Version 2009; 64bit' Language: 'en' Physical Memory: 15970 MB
BatchMode: 1, IsHumanControllingUs: 0, StartBugReporterOnCrash: 0, Is64bit: 1, IsPro: 0

COMMAND LINE ARGUMENTS:
C:\Program Files\Unity\Hub\Editor\2020.3.20f1\Editor\Unity.exe
-adb2
-batchMode
-noUpm
-name
AssetImportWorker0
-projectPath
C:/Users/julia/Desktop/AR/AR
-logFile
Logs/AssetImportWorker0.log
-srvPort
60933
Successfully changed project path to: C:/Users/julia/Desktop/AR/AR
C:/Users/julia/Desktop/AR/AR
Using Asset Import Pipeline V2.
Refreshing native plugins compatible for Editor in 38.03 ms, found 2 plugins.
Preloading 0 native plugins for Editor in 0.00 ms.
Initialize engine version: 2020.3.20f1 (41c4e627c95f)
[Subsystems] Discovering subsystems at path C:/Program Files/Unity/Hub/Editor/2020.3.20f1/Editor/Data/Resources/UnitySubsystems
[Subsystems] Discovering subsystems at path C:/Users/julia/Desktop/AR/AR/Assets
GfxDevice: creating device client; threaded=0
Direct3D:
    Version:  Direct3D 11.0 [level 11.1]
    Renderer: Intel(R) Iris(R) Plus Graphics (ID=0x8a52)
    Vendor:   
    VRAM:     7985 MB
    Driver:   27.20.100.8681
Initialize mono
Mono path[0] = 'C:/Program Files/Unity/Hub/Editor/2020.3.20f1/Editor/Data/Managed'
Mono path[1] = 'C:/Program Files/Unity/Hub/Editor/2020.3.20f1/Editor/Data/MonoBleedingEdge/lib/mono/unityjit'
Mono config path = 'C:/Program Files/Unity/Hub/Editor/2020.3.20f1/Editor/Data/MonoBleedingEdge/etc'
Using monoOptions --debugger-agent=transport=dt_socket,embedding=1,server=y,suspend=n,address=127.0.0.1:56428
Begin MonoManager ReloadAssembly
Registering precompiled unity dll's ...
Register platform support module: C:/Program Files/Unity/Hub/Editor/2020.3.20f1/Editor/Data/PlaybackEngines/WindowsStandaloneSupport/UnityEditor.WindowsStandalone.Extensions.dll
Registered in 0.002614 seconds.
Native extension for WindowsStandalone target not found
Refreshing native plugins compatible for Editor in 30.71 ms, found 2 plugins.
Preloading 0 native plugins for Editor in 0.00 ms.
Mono: successfully reloaded assembly
- Completed reload, in  2.022 seconds
Domain Reload Profiling:
	ReloadAssembly (2022ms)
		BeginReloadAssembly (74ms)
			ExecutionOrderSort (0ms)
			DisableScriptedObjects (0ms)
			BackupInstance (0ms)
			ReleaseScriptingObjects (0ms)
			CreateAndSetChildDomain (1ms)
		EndReloadAssembly (500ms)
			LoadAssemblies (72ms)
			RebuildTransferFunctionScriptingTraits (0ms)
			SetupTypeCache (178ms)
			ReleaseScriptCaches (0ms)
			RebuildScriptCaches (54ms)
			SetupLoadedEditorAssemblies (176ms)
				LogAssemblyErrors (0ms)
				InitializePlatformSupportModulesInManaged (4ms)
				SetLoadedEditorAssemblies (0ms)
				RefreshPlugins (31ms)
				BeforeProcessingInitializeOnLoad (7ms)
				ProcessInitializeOnLoadAttributes (105ms)
				ProcessInitializeOnLoadMethodAttributes (29ms)
				AfterProcessingInitializeOnLoad (0ms)
				EditorAssembliesLoaded (0ms)
			ExecutionOrderSort2 (0ms)
			AwakeInstancesAfterBackupRestoration (0ms)
Platform modules already initialized, skipping
Registering precompiled user dll's ...
Registered in 0.005267 seconds.
Begin MonoManager ReloadAssembly
Native extension for WindowsStandalone target not found
Refreshing native plugins compatible for Editor in 0.56 ms, found 2 plugins.
Preloading 0 native plugins for Editor in 0.00 ms.
Mono: successfully reloaded assembly
- Completed reload, in  1.337 seconds
Domain Reload Profiling:
	ReloadAssembly (1343ms)
		BeginReloadAssembly (170ms)
			ExecutionOrderSort (0ms)
			DisableScriptedObjects (9ms)
			BackupInstance (0ms)
			ReleaseScriptingObjects (0ms)
			CreateAndSetChildDomain (22ms)
		EndReloadAssembly (1094ms)
			LoadAssemblies (122ms)
			RebuildTransferFunctionScriptingTraits (0ms)
			SetupTypeCache (361ms)
			ReleaseScriptCaches (0ms)
			RebuildScriptCaches (60ms)
			SetupLoadedEditorAssemblies (390ms)
				LogAssemblyErrors (0ms)
				InitializePlatformSupportModulesInManaged (13ms)
				SetLoadedEditorAssemblies (1ms)
				RefreshPlugins (1ms)
				BeforeProcessingInitializeOnLoad (77ms)
				ProcessInitializeOnLoadAttributes (288ms)
				ProcessInitializeOnLoadMethodAttributes (5ms)
				AfterProcessingInitializeOnLoad (5ms)
				EditorAssembliesLoaded (0ms)
			ExecutionOrderSort2 (0ms)
			AwakeInstancesAfterBackupRestoration (5ms)
Platform modules already initialized, skipping
========================================================================
Worker process is ready to serve import requests
Launched and connected shader compiler UnityShaderCompiler.exe after 0.06 seconds
Refreshing native plugins compatible for Editor in 0.34 ms, found 2 plugins.
Preloading 0 native plugins for Editor in 0.00 ms.
Unloading 1754 Unused Serialized files (Serialized files now loaded: 0)
System memory in use before: 77.2 MB.
System memory in use after: 77.3 MB.

Unloading 17 unused Assets to reduce memory usage. Loaded Objects now: 2191.
Total: 2.337500 ms (FindLiveObjects: 0.137800 ms CreateObjectMapping: 0.048100 ms MarkObjects: 2.064800 ms  DeleteObjects: 0.085800 ms)

AssetImportParameters requested are different than current active one (requested -> active):
  custom:framework-win-MediaFoundation: 216162199b28c13a410421893ffa2e32 -> 
  custom:video-decoder-ogg-theora: a1e56fd34408186e4bbccfd4996cb3dc -> 
  custom:container-muxer-webm: aa71ff27fc2769a1b78a27578f13a17b -> 
  custom:container-demuxer-webm: 4f35f7cbe854078d1ac9338744f61a02 -> 
  custom:container-demuxer-ogg: 62fdf1f143b41e24485cea50d1cbac27 -> 
  custom:video-encoder-webm-vp8: eb34c28f22e8b96e1ab97ce403110664 -> 
  custom:video-codec-MediaFoundation-h265: 746d11721c4dcdbdad8f713fa42b33f4 -> 
  custom:video-decoder-webm-vp8: 9c59270c3fd7afecdb556c50c9e8de78 -> 
  custom:audio-decoder-ogg-vorbis: bf7c407c2cedff20999df2af8eb42d56 -> 
  custom:audio-encoder-webm-vorbis: bf7c407c2cedff20999df2af8eb42d56 -> 
========================================================================
Received Import Request.
  path: Assets/Scenes/AR Camera_unlocked.unity
  artifactKey: Guid(b1e22ca9f4f59fc49b740035bc4377f2) Importer(815301076,1909f56bfc062723c751e8b465ee728b)
Start importing Assets/Scenes/AR Camera_unlocked.unity using Guid(b1e22ca9f4f59fc49b740035bc4377f2) Importer(815301076,1909f56bfc062723c751e8b465ee728b)  -> (artifact id: 'f0b372de2f9989d697bcda8b9cc37136') in 0.017697 seconds 
  Import took 0.020450 seconds .

========================================================================
Received Import Request.
  Time since last request: 370.847911 seconds.
  path: Assets/Scenes/PurpleFace.unity
  artifactKey: Guid(e26fb3b40e1d8e84091c486f9cd9ef6e) Importer(815301076,1909f56bfc062723c751e8b465ee728b)
Start importing Assets/Scenes/PurpleFace.unity using Guid(e26fb3b40e1d8e84091c486f9cd9ef6e) Importer(815301076,1909f56bfc062723c751e8b465ee728b)  -> (artifact id: '10344f65ca1832d187d3e47aaade3ad3') in 0.015882 seconds 
  Import took 0.020072 seconds .

========================================================================
Received Prepare
Refreshing native plugins compatible for Editor in 2.57 ms, found 2 plugins.
Preloading 0 native plugins for Editor in 0.00 ms.
Unloading 9 Unused Serialized files (Serialized files now loaded: 0)
System memory in use before: 42.1 MB.
System memory in use after: 42.2 MB.

Unloading 9 unused Assets to reduce memory usage. Loaded Objects now: 2191.
Total: 3.549000 ms (FindLiveObjects: 0.148400 ms CreateObjectMapping: 0.050800 ms MarkObjects: 3.330400 ms  DeleteObjects: 0.018400 ms)

AssetImportParameters requested are different than current active one (requested -> active):
  custom:framework-win-MediaFoundation: 216162199b28c13a410421893ffa2e32 -> 
  custom:video-decoder-ogg-theora: a1e56fd34408186e4bbccfd4996cb3dc -> 
  custom:container-muxer-webm: aa71ff27fc2769a1b78a27578f13a17b -> 
  custom:container-demuxer-webm: 4f35f7cbe854078d1ac9338744f61a02 -> 
  custom:container-demuxer-ogg: 62fdf1f143b41e24485cea50d1cbac27 -> 
  custom:video-encoder-webm-vp8: eb34c28f22e8b96e1ab97ce403110664 -> 
  custom:video-codec-MediaFoundation-h265: 746d11721c4dcdbdad8f713fa42b33f4 -> 
  custom:video-decoder-webm-vp8: 9c59270c3fd7afecdb556c50c9e8de78 -> 
  custom:audio-decoder-ogg-vorbis: bf7c407c2cedff20999df2af8eb42d56 -> 
  custom:audio-encoder-webm-vorbis: bf7c407c2cedff20999df2af8eb42d56 -> 
========================================================================
Received Import Request.
  Time since last request: 259.942220 seconds.
  path: Assets/Scenes/AR Camera_unlocked.unity
  artifactKey: Guid(b1e22ca9f4f59fc49b740035bc4377f2) Importer(815301076,1909f56bfc062723c751e8b465ee728b)
Start importing Assets/Scenes/AR Camera_unlocked.unity using Guid(b1e22ca9f4f59fc49b740035bc4377f2) Importer(815301076,1909f56bfc062723c751e8b465ee728b)  -> (artifact id: '80ac7eb1c40d9b905d59c92edf87f776') in 0.005925 seconds 
  Import took 0.010802 seconds .

========================================================================
Received Import Request.
  Time since last request: 13.273248 seconds.
  path: Assets/Scenes/AR Camera.unity
  artifactKey: Guid(9fc0d4010bbf28b4594072e72b8655ab) Importer(815301076,1909f56bfc062723c751e8b465ee728b)
Start importing Assets/Scenes/AR Camera.unity using Guid(9fc0d4010bbf28b4594072e72b8655ab) Importer(815301076,1909f56bfc062723c751e8b465ee728b)  -> (artifact id: '4992d17e91a719d8c79a95b9f6ab3ff8') in 0.011979 seconds 
  Import took 0.016587 seconds .

========================================================================
Received Prepare
Refreshing native plugins compatible for Editor in 1.99 ms, found 2 plugins.
Preloading 0 native plugins for Editor in 0.00 ms.
Unloading 9 Unused Serialized files (Serialized files now loaded: 0)
System memory in use before: 42.1 MB.
System memory in use after: 42.2 MB.

Unloading 9 unused Assets to reduce memory usage. Loaded Objects now: 2191.
Total: 2.609100 ms (FindLiveObjects: 0.125800 ms CreateObjectMapping: 0.042800 ms MarkObjects: 2.425200 ms  DeleteObjects: 0.014300 ms)

AssetImportParameters requested are different than current active one (requested -> active):
  custom:framework-win-MediaFoundation: 216162199b28c13a410421893ffa2e32 -> 
  custom:video-decoder-ogg-theora: a1e56fd34408186e4bbccfd4996cb3dc -> 
  custom:container-muxer-webm: aa71ff27fc2769a1b78a27578f13a17b -> 
  custom:container-demuxer-webm: 4f35f7cbe854078d1ac9338744f61a02 -> 
  custom:container-demuxer-ogg: 62fdf1f143b41e24485cea50d1cbac27 -> 
  custom:video-encoder-webm-vp8: eb34c28f22e8b96e1ab97ce403110664 -> 
  custom:video-codec-MediaFoundation-h265: 746d11721c4dcdbdad8f713fa42b33f4 -> 
  custom:video-decoder-webm-vp8: 9c59270c3fd7afecdb556c50c9e8de78 -> 
  custom:audio-decoder-ogg-vorbis: bf7c407c2cedff20999df2af8eb42d56 -> 
  custom:audio-encoder-webm-vorbis: bf7c407c2cedff20999df2af8eb42d56 -> 
========================================================================
Received Import Request.
  Time since last request: 100.209090 seconds.
  path: Assets/Scenes/PurpleFace.unity
  artifactKey: Guid(e26fb3b40e1d8e84091c486f9cd9ef6e) Importer(815301076,1909f56bfc062723c751e8b465ee728b)
Start importing Assets/Scenes/PurpleFace.unity using Guid(e26fb3b40e1d8e84091c486f9cd9ef6e) Importer(815301076,1909f56bfc062723c751e8b465ee728b)  -> (artifact id: '4ac2eb8c5685a1baae336c560a64566a') in 0.004466 seconds 
  Import took 0.007694 seconds .

========================================================================
Received Import Request.
  Time since last request: 86.740832 seconds.
  path: Assets/Japanese Mask/Mask/Kitsune/Kitsune.fbx
  artifactKey: Guid(67cfc4f4d06282c489f25681ede6f15f) Importer(815301076,1909f56bfc062723c751e8b465ee728b)
Start importing Assets/Japanese Mask/Mask/Kitsune/Kitsune.fbx using Guid(67cfc4f4d06282c489f25681ede6f15f) Importer(815301076,1909f56bfc062723c751e8b465ee728b)  -> (artifact id: 'a6b26e440138daa3b1cc85e0b525df67') in 0.207101 seconds 
  Import took 0.210951 seconds .

========================================================================
Received Import Request.
  Time since last request: 0.000200 seconds.
  path: Assets/Japanese Mask/Mask/Kitsune/Kitsune_SpecRoughness.tif
  artifactKey: Guid(283f681c36d0cfc4984b07ac7ab976f2) Importer(815301076,1909f56bfc062723c751e8b465ee728b)
Start importing Assets/Japanese Mask/Mask/Kitsune/Kitsune_SpecRoughness.tif using Guid(283f681c36d0cfc4984b07ac7ab976f2) Importer(815301076,1909f56bfc062723c751e8b465ee728b)  -> (artifact id: '19460c35e04a6d5c1dea5df22867912c') in 0.073414 seconds 
  Import took 0.077102 seconds .

========================================================================
Received Import Request.
  Time since last request: 0.000270 seconds.
  path: Assets/Japanese Mask/Mask/Kitsune/Kitsune_Normal.png
  artifactKey: Guid(23270b6737e5eb441b5c2c26e1f4b619) Importer(815301076,1909f56bfc062723c751e8b465ee728b)
Start importing Assets/Japanese Mask/Mask/Kitsune/Kitsune_Normal.png using Guid(23270b6737e5eb441b5c2c26e1f4b619) Importer(815301076,1909f56bfc062723c751e8b465ee728b)  -> (artifact id: 'e4953b395b910bdfe99356b5b91ea65c') in 0.057062 seconds 
  Import took 0.060570 seconds .

========================================================================
Received Import Request.
  Time since last request: 0.000204 seconds.
  path: Assets/Japanese Mask/Mask/Kitsune/Kitsune_Albedo.png
  artifactKey: Guid(54263a551d1e06f448819481b7013fa1) Importer(815301076,1909f56bfc062723c751e8b465ee728b)
Start importing Assets/Japanese Mask/Mask/Kitsune/Kitsune_Albedo.png using Guid(54263a551d1e06f448819481b7013fa1) Importer(815301076,1909f56bfc062723c751e8b465ee728b)  -> (artifact id: '41904e53d8352ee8d90940158cda1bec') in 0.033575 seconds 
  Import took 0.036928 seconds .

========================================================================
Received Prepare
Refreshing native plugins compatible for Editor in 2.55 ms, found 2 plugins.
Preloading 0 native plugins for Editor in 0.00 ms.
Unloading 9 Unused Serialized files (Serialized files now loaded: 0)
System memory in use before: 45.7 MB.
System memory in use after: 45.8 MB.

Unloading 9 unused Assets to reduce memory usage. Loaded Objects now: 2203.
Total: 3.052000 ms (FindLiveObjects: 0.150000 ms CreateObjectMapping: 0.050700 ms MarkObjects: 2.826200 ms  DeleteObjects: 0.023700 ms)

AssetImportParameters requested are different than current active one (requested -> active):
  custom:framework-win-MediaFoundation: 216162199b28c13a410421893ffa2e32 -> 
  custom:video-decoder-ogg-theora: a1e56fd34408186e4bbccfd4996cb3dc -> 
  custom:container-muxer-webm: aa71ff27fc2769a1b78a27578f13a17b -> 
  custom:container-demuxer-webm: 4f35f7cbe854078d1ac9338744f61a02 -> 
  custom:container-demuxer-ogg: 62fdf1f143b41e24485cea50d1cbac27 -> 
  custom:video-encoder-webm-vp8: eb34c28f22e8b96e1ab97ce403110664 -> 
  custom:video-codec-MediaFoundation-h265: 746d11721c4dcdbdad8f713fa42b33f4 -> 
  custom:video-decoder-webm-vp8: 9c59270c3fd7afecdb556c50c9e8de78 -> 
  custom:audio-decoder-ogg-vorbis: bf7c407c2cedff20999df2af8eb42d56 -> 
  custom:audio-encoder-webm-vorbis: bf7c407c2cedff20999df2af8eb42d56 -> 
========================================================================
Received Import Request.
  Time since last request: 166.107205 seconds.
  path: Assets/Japanese Mask/Mask/Kitsune/Materials/Kitsune_Mat.mat
  artifactKey: Guid(4c3f2a5377031a34fa89f05b03e7772b) Importer(815301076,1909f56bfc062723c751e8b465ee728b)
Start importing Assets/Japanese Mask/Mask/Kitsune/Materials/Kitsune_Mat.mat using Guid(4c3f2a5377031a34fa89f05b03e7772b) Importer(815301076,1909f56bfc062723c751e8b465ee728b)  -> (artifact id: 'de75e674004f13867676a37435f390a5') in 0.109260 seconds 
  Import took 0.116885 seconds .

========================================================================
Received Import Request.
  Time since last request: 0.000471 seconds.
  path: Assets/Japanese Mask/Mask/Kitsune/Materials
  artifactKey: Guid(c3b6f9a8a5517aa42a27cd79524b6db2) Importer(815301076,1909f56bfc062723c751e8b465ee728b)
Start importing Assets/Japanese Mask/Mask/Kitsune/Materials using Guid(c3b6f9a8a5517aa42a27cd79524b6db2) Importer(815301076,1909f56bfc062723c751e8b465ee728b)  -> (artifact id: '2c13f0d9a32e5a3a6574b062a4a8d0aa') in 0.009654 seconds 
  Import took 0.014203 seconds .

========================================================================
Received Import Request.
  Time since last request: 0.000284 seconds.
  path: Assets/Japanese Mask/Mask/Kitsune/Materials/lambert4.mat
  artifactKey: Guid(382d6914e1692bd4095efc8a34997b30) Importer(815301076,1909f56bfc062723c751e8b465ee728b)
Start importing Assets/Japanese Mask/Mask/Kitsune/Materials/lambert4.mat using Guid(382d6914e1692bd4095efc8a34997b30) Importer(815301076,1909f56bfc062723c751e8b465ee728b)  -> (artifact id: '3863adad5d3ee86fadf57c7526b5c0c3') in 0.024407 seconds 
  Import took 0.027563 seconds .

========================================================================
Received Import Request.
  Time since last request: 63.179420 seconds.
  path: Assets/Japanese Mask/Mask/Kitsune
  artifactKey: Guid(91afe049ad4158d49a48c79434429f58) Importer(815301076,1909f56bfc062723c751e8b465ee728b)
Start importing Assets/Japanese Mask/Mask/Kitsune using Guid(91afe049ad4158d49a48c79434429f58) Importer(815301076,1909f56bfc062723c751e8b465ee728b)  -> (artifact id: 'b3145b6a54bea6a82e4a220519c94db6') in 0.004651 seconds 
  Import took 0.009587 seconds .

========================================================================
Received Import Request.
  Time since last request: 7.000779 seconds.
  path: Assets/AR face Assets/Face Textures
  artifactKey: Guid(6abdf833e6a454c2dbfc020231f5e984) Importer(815301076,1909f56bfc062723c751e8b465ee728b)
Start importing Assets/AR face Assets/Face Textures using Guid(6abdf833e6a454c2dbfc020231f5e984) Importer(815301076,1909f56bfc062723c751e8b465ee728b)  -> (artifact id: '34aaf746ab9343c8849f46fb69f7cb84') in 0.011698 seconds 
  Import took 0.017260 seconds .

========================================================================
Received Import Request.
  Time since last request: 1.807114 seconds.
  path: Assets/AR face Assets/Face Textures/Robot Face/Robot_Albedo.tga
  artifactKey: Guid(86438631d251f40a99f0b8f365c62e9e) Importer(815301076,1909f56bfc062723c751e8b465ee728b)
Start importing Assets/AR face Assets/Face Textures/Robot Face/Robot_Albedo.tga using Guid(86438631d251f40a99f0b8f365c62e9e) Importer(815301076,1909f56bfc062723c751e8b465ee728b)  -> (artifact id: '6dc78570557d4d2301e41a3b3a9b6db8') in 0.083782 seconds 
  Import took 0.087728 seconds .

========================================================================
Received Import Request.
  Time since last request: 0.000407 seconds.
  path: Assets/AR face Assets/Face Textures/Robot Face/Robot_Occlusion.tga
  artifactKey: Guid(60d43433d9c944a4a90940aebbd27e14) Importer(815301076,1909f56bfc062723c751e8b465ee728b)
Start importing Assets/AR face Assets/Face Textures/Robot Face/Robot_Occlusion.tga using Guid(60d43433d9c944a4a90940aebbd27e14) Importer(815301076,1909f56bfc062723c751e8b465ee728b)  -> (artifact id: '06c54765ef37b189a8296e2455b73a55') in 0.073702 seconds 
  Import took 0.076590 seconds .

========================================================================
Received Import Request.
  Time since last request: 0.000281 seconds.
  path: Assets/AR face Assets/Face Textures/Robot Face
  artifactKey: Guid(7e5e5d8d234ba4a7093b7d326df9d21e) Importer(815301076,1909f56bfc062723c751e8b465ee728b)
Start importing Assets/AR face Assets/Face Textures/Robot Face using Guid(7e5e5d8d234ba4a7093b7d326df9d21e) Importer(815301076,1909f56bfc062723c751e8b465ee728b)  -> (artifact id: '7f2a0cd8d5afca55c8b08f5b931b4a68') in 0.007666 seconds 
  Import took 0.010542 seconds .

========================================================================
Received Import Request.
  Time since last request: 0.000289 seconds.
  path: Assets/AR face Assets/Face Textures/Robot Face/Robot_Normal.tga
  artifactKey: Guid(5ab73bd4833504601bdc404fe852ac76) Importer(815301076,1909f56bfc062723c751e8b465ee728b)
Start importing Assets/AR face Assets/Face Textures/Robot Face/Robot_Normal.tga using Guid(5ab73bd4833504601bdc404fe852ac76) Importer(815301076,1909f56bfc062723c751e8b465ee728b)  -> (artifact id: '302d7efa2622c9193b5a27be5bff2020') in 0.062401 seconds 
  Import took 0.066056 seconds .

========================================================================
Received Import Request.
  Time since last request: 6.194739 seconds.
  path: Assets/AR face Assets/Face Textures/Pop Face/PopFace_Albedo.tga
  artifactKey: Guid(c618fae771fb049fea0c6661474b8552) Importer(815301076,1909f56bfc062723c751e8b465ee728b)
Start importing Assets/AR face Assets/Face Textures/Pop Face/PopFace_Albedo.tga using Guid(c618fae771fb049fea0c6661474b8552) Importer(815301076,1909f56bfc062723c751e8b465ee728b)  -> (artifact id: 'e394eb752c5c8c7b182468fb3ef2b935') in 0.070419 seconds 
  Import took 0.074571 seconds .

========================================================================
Received Import Request.
  Time since last request: 56.830798 seconds.
  path: Assets/AR face Assets/3D Heads/Faceted Head/Faceted_Normal.tga
  artifactKey: Guid(c90ec9b975d7c469d9573fee196a2c2b) Importer(815301076,1909f56bfc062723c751e8b465ee728b)
Start importing Assets/AR face Assets/3D Heads/Faceted Head/Faceted_Normal.tga using Guid(c90ec9b975d7c469d9573fee196a2c2b) Importer(815301076,1909f56bfc062723c751e8b465ee728b)  -> (artifact id: '66feea7d6c83bc8bc524056d49749812') in 0.074251 seconds 
  Import took 0.079140 seconds .

========================================================================
Received Import Request.
  Time since last request: 0.000408 seconds.
  path: Assets/AR face Assets/3D Heads/Faceted Head/Faceted_Occlusion.tga
  artifactKey: Guid(cb2c16b26762f41148856da83e41b262) Importer(815301076,1909f56bfc062723c751e8b465ee728b)
Start importing Assets/AR face Assets/3D Heads/Faceted Head/Faceted_Occlusion.tga using Guid(cb2c16b26762f41148856da83e41b262) Importer(815301076,1909f56bfc062723c751e8b465ee728b)  -> (artifact id: '31ad6fbfddcececb9515945c4b195c56') in 0.059020 seconds 
  Import took 0.063212 seconds .

========================================================================
Received Import Request.
  Time since last request: 4.323891 seconds.
  path: Assets/AR face Assets/3D Heads/Plasticene Head/Plasto_Head_Albedo.tga
  artifactKey: Guid(6a0412103c19947c3afed4ae4bcb0af5) Importer(815301076,1909f56bfc062723c751e8b465ee728b)
Start importing Assets/AR face Assets/3D Heads/Plasticene Head/Plasto_Head_Albedo.tga using Guid(6a0412103c19947c3afed4ae4bcb0af5) Importer(815301076,1909f56bfc062723c751e8b465ee728b)  -> (artifact id: 'd34bf8abd02b51994db8352f30bb36be') in 0.064827 seconds 
  Import took 0.069159 seconds .

========================================================================
Received Import Request.
  Time since last request: 0.000298 seconds.
  path: Assets/AR face Assets/3D Heads/Plasticene Head/Plasto_Head_normal.tga
  artifactKey: Guid(799e6cef218874873a0fdb34be5b4fc3) Importer(815301076,1909f56bfc062723c751e8b465ee728b)
Start importing Assets/AR face Assets/3D Heads/Plasticene Head/Plasto_Head_normal.tga using Guid(799e6cef218874873a0fdb34be5b4fc3) Importer(815301076,1909f56bfc062723c751e8b465ee728b)  -> (artifact id: 'ed36ca7bce1a62add051d3b9b7a71197') in 0.063800 seconds 
  Import took 0.068279 seconds .

========================================================================
Received Import Request.
  Time since last request: 0.000410 seconds.
  path: Assets/AR face Assets/3D Heads/Plasticene Head
  artifactKey: Guid(8ace674b3b327473682cc9579018cc28) Importer(815301076,1909f56bfc062723c751e8b465ee728b)
Start importing Assets/AR face Assets/3D Heads/Plasticene Head using Guid(8ace674b3b327473682cc9579018cc28) Importer(815301076,1909f56bfc062723c751e8b465ee728b)  -> (artifact id: '379984463a312435701b7503ce25a936') in 0.007941 seconds 
  Import took 0.011627 seconds .

========================================================================
Received Import Request.
  Time since last request: 0.000243 seconds.
  path: Assets/AR face Assets/3D Heads/Plasticene Head/Plasto_Head_AO.tga
  artifactKey: Guid(4d2b3ed855ce347c196e1e6737a3759c) Importer(815301076,1909f56bfc062723c751e8b465ee728b)
Start importing Assets/AR face Assets/3D Heads/Plasticene Head/Plasto_Head_AO.tga using Guid(4d2b3ed855ce347c196e1e6737a3759c) Importer(815301076,1909f56bfc062723c751e8b465ee728b)  -> (artifact id: '864e96081a0dfc53fcc5a97dc684a24e') in 0.055776 seconds 
  Import took 0.059508 seconds .

========================================================================
Received Prepare
Refreshing native plugins compatible for Editor in 4.39 ms, found 2 plugins.
Preloading 0 native plugins for Editor in 0.00 ms.
Unloading 9 Unused Serialized files (Serialized files now loaded: 0)
System memory in use before: 46.0 MB.
System memory in use after: 46.1 MB.

Unloading 9 unused Assets to reduce memory usage. Loaded Objects now: 2236.
Total: 6.181400 ms (FindLiveObjects: 0.245400 ms CreateObjectMapping: 0.136800 ms MarkObjects: 5.769400 ms  DeleteObjects: 0.027600 ms)

AssetImportParameters requested are different than current active one (requested -> active):
  custom:framework-win-MediaFoundation: 216162199b28c13a410421893ffa2e32 -> 
  custom:video-decoder-ogg-theora: a1e56fd34408186e4bbccfd4996cb3dc -> 
  custom:container-muxer-webm: aa71ff27fc2769a1b78a27578f13a17b -> 
  custom:container-demuxer-webm: 4f35f7cbe854078d1ac9338744f61a02 -> 
  custom:container-demuxer-ogg: 62fdf1f143b41e24485cea50d1cbac27 -> 
  custom:video-encoder-webm-vp8: eb34c28f22e8b96e1ab97ce403110664 -> 
  custom:video-codec-MediaFoundation-h265: 746d11721c4dcdbdad8f713fa42b33f4 -> 
  custom:video-decoder-webm-vp8: 9c59270c3fd7afecdb556c50c9e8de78 -> 
  custom:audio-decoder-ogg-vorbis: bf7c407c2cedff20999df2af8eb42d56 -> 
  custom:audio-encoder-webm-vorbis: bf7c407c2cedff20999df2af8eb42d56 -> 
========================================================================
Received Import Request.
  Time since last request: 270.772578 seconds.
  path: Assets/Japanese Mask/Mask
  artifactKey: Guid(a335d35ce6bceb74a811589513ac41d9) Importer(815301076,1909f56bfc062723c751e8b465ee728b)
Start importing Assets/Japanese Mask/Mask using Guid(a335d35ce6bceb74a811589513ac41d9) Importer(815301076,1909f56bfc062723c751e8b465ee728b)  -> (artifact id: 'a284850fe5c59f6b355fd96cdcce6730') in 0.010824 seconds 
  Import took 0.015204 seconds .

========================================================================
Received Import Request.
  Time since last request: 73.701082 seconds.
  path: Assets/prefabs
  artifactKey: Guid(d5b2f7900f2968a47a1143503a489131) Importer(815301076,1909f56bfc062723c751e8b465ee728b)
Start importing Assets/prefabs using Guid(d5b2f7900f2968a47a1143503a489131) Importer(815301076,1909f56bfc062723c751e8b465ee728b)  -> (artifact id: 'ba5ebc12e148f8065c5021b2d0780e60') in 0.010759 seconds 
  Import took 0.014256 seconds .

========================================================================
Received Import Request.
  Time since last request: 0.080482 seconds.
  path: Assets/prefabs/Kitsune.prefab
  artifactKey: Guid(c67a3fb6336899547b2bf126ab1fd95b) Importer(815301076,1909f56bfc062723c751e8b465ee728b)
Start importing Assets/prefabs/Kitsune.prefab using Guid(c67a3fb6336899547b2bf126ab1fd95b) Importer(815301076,1909f56bfc062723c751e8b465ee728b)  -> (artifact id: 'ccb9574294c547292bc95e050add9d4c') in 0.008380 seconds 
  Import took 0.012057 seconds .

========================================================================
Received Prepare
Refreshing native plugins compatible for Editor in 2.29 ms, found 2 plugins.
Preloading 0 native plugins for Editor in 0.00 ms.
Unloading 9 Unused Serialized files (Serialized files now loaded: 0)
System memory in use before: 46.0 MB.
System memory in use after: 46.1 MB.

Unloading 9 unused Assets to reduce memory usage. Loaded Objects now: 2236.
Total: 3.461700 ms (FindLiveObjects: 0.157500 ms CreateObjectMapping: 0.063500 ms MarkObjects: 3.222500 ms  DeleteObjects: 0.016700 ms)

AssetImportParameters requested are different than current active one (requested -> active):
  custom:framework-win-MediaFoundation: 216162199b28c13a410421893ffa2e32 -> 
  custom:video-decoder-ogg-theora: a1e56fd34408186e4bbccfd4996cb3dc -> 
  custom:container-muxer-webm: aa71ff27fc2769a1b78a27578f13a17b -> 
  custom:container-demuxer-webm: 4f35f7cbe854078d1ac9338744f61a02 -> 
  custom:container-demuxer-ogg: 62fdf1f143b41e24485cea50d1cbac27 -> 
  custom:video-encoder-webm-vp8: eb34c28f22e8b96e1ab97ce403110664 -> 
  custom:video-codec-MediaFoundation-h265: 746d11721c4dcdbdad8f713fa42b33f4 -> 
  custom:video-decoder-webm-vp8: 9c59270c3fd7afecdb556c50c9e8de78 -> 
  custom:audio-decoder-ogg-vorbis: bf7c407c2cedff20999df2af8eb42d56 -> 
  custom:audio-encoder-webm-vorbis: bf7c407c2cedff20999df2af8eb42d56 -> 
========================================================================
Received Prepare
Refreshing native plugins compatible for Editor in 2.29 ms, found 2 plugins.
Preloading 0 native plugins for Editor in 0.00 ms.
Unloading 9 Unused Serialized files (Serialized files now loaded: 0)
System memory in use before: 46.0 MB.
System memory in use after: 46.1 MB.

Unloading 9 unused Assets to reduce memory usage. Loaded Objects now: 2236.
Total: 3.400500 ms (FindLiveObjects: 0.143100 ms CreateObjectMapping: 0.053500 ms MarkObjects: 3.184100 ms  DeleteObjects: 0.018800 ms)

AssetImportParameters requested are different than current active one (requested -> active):
  custom:framework-win-MediaFoundation: 216162199b28c13a410421893ffa2e32 -> 
  custom:video-decoder-ogg-theora: a1e56fd34408186e4bbccfd4996cb3dc -> 
  custom:container-muxer-webm: aa71ff27fc2769a1b78a27578f13a17b -> 
  custom:container-demuxer-webm: 4f35f7cbe854078d1ac9338744f61a02 -> 
  custom:container-demuxer-ogg: 62fdf1f143b41e24485cea50d1cbac27 -> 
  custom:video-encoder-webm-vp8: eb34c28f22e8b96e1ab97ce403110664 -> 
  custom:video-codec-MediaFoundation-h265: 746d11721c4dcdbdad8f713fa42b33f4 -> 
  custom:video-decoder-webm-vp8: 9c59270c3fd7afecdb556c50c9e8de78 -> 
  custom:audio-decoder-ogg-vorbis: bf7c407c2cedff20999df2af8eb42d56 -> 
  custom:audio-encoder-webm-vorbis: bf7c407c2cedff20999df2af8eb42d56 -> 
========================================================================
Received Import Request.
  Time since last request: 450.289262 seconds.
  path: Assets/AR face Assets/Face Textures/Pop Face/Materials
  artifactKey: Guid(8cf33e707d37b3c4981f3d5dff4ec4cf) Importer(815301076,1909f56bfc062723c751e8b465ee728b)
Start importing Assets/AR face Assets/Face Textures/Pop Face/Materials using Guid(8cf33e707d37b3c4981f3d5dff4ec4cf) Importer(815301076,1909f56bfc062723c751e8b465ee728b)  -> (artifact id: '949651348ba50660546bb5b478df4c67') in 0.003489 seconds 
  Import took 0.008811 seconds .

========================================================================
Received Import Request.
  Time since last request: 0.081904 seconds.
  path: Assets/AR face Assets/Face Textures/Pop Face/Materials/PopFace_Albedo.mat
  artifactKey: Guid(70658d1672a199a4abba5c10665e4571) Importer(815301076,1909f56bfc062723c751e8b465ee728b)
Start importing Assets/AR face Assets/Face Textures/Pop Face/Materials/PopFace_Albedo.mat using Guid(70658d1672a199a4abba5c10665e4571) Importer(815301076,1909f56bfc062723c751e8b465ee728b)  -> (artifact id: '800662cba4fc814b25f87a3b86a5d4d4') in 0.089374 seconds 
  Import took 0.092616 seconds .

========================================================================
Received Prepare
Refreshing native plugins compatible for Editor in 2.19 ms, found 2 plugins.
Preloading 0 native plugins for Editor in 0.00 ms.
Unloading 9 Unused Serialized files (Serialized files now loaded: 0)
System memory in use before: 46.0 MB.
System memory in use after: 46.1 MB.

Unloading 9 unused Assets to reduce memory usage. Loaded Objects now: 2236.
Total: 3.987500 ms (FindLiveObjects: 0.148300 ms CreateObjectMapping: 0.056600 ms MarkObjects: 3.745900 ms  DeleteObjects: 0.035300 ms)

AssetImportParameters requested are different than current active one (requested -> active):
  custom:framework-win-MediaFoundation: 216162199b28c13a410421893ffa2e32 -> 
  custom:video-decoder-ogg-theora: a1e56fd34408186e4bbccfd4996cb3dc -> 
  custom:container-muxer-webm: aa71ff27fc2769a1b78a27578f13a17b -> 
  custom:container-demuxer-webm: 4f35f7cbe854078d1ac9338744f61a02 -> 
  custom:container-demuxer-ogg: 62fdf1f143b41e24485cea50d1cbac27 -> 
  custom:video-encoder-webm-vp8: eb34c28f22e8b96e1ab97ce403110664 -> 
  custom:video-codec-MediaFoundation-h265: 746d11721c4dcdbdad8f713fa42b33f4 -> 
  custom:video-decoder-webm-vp8: 9c59270c3fd7afecdb556c50c9e8de78 -> 
  custom:audio-decoder-ogg-vorbis: bf7c407c2cedff20999df2af8eb42d56 -> 
  custom:audio-encoder-webm-vorbis: bf7c407c2cedff20999df2af8eb42d56 -> 
========================================================================
Received Import Request.
  Time since last request: 175.455675 seconds.
  path: Assets/Japanese Mask/Prefabs/Kitsune.prefab
  artifactKey: Guid(b2b6d96047db11c48b2e829e16ca0cce) Importer(815301076,1909f56bfc062723c751e8b465ee728b)
Start importing Assets/Japanese Mask/Prefabs/Kitsune.prefab using Guid(b2b6d96047db11c48b2e829e16ca0cce) Importer(815301076,1909f56bfc062723c751e8b465ee728b)  -> (artifact id: 'a9274de2f3fa273be545e1cdf0085082') in 0.080106 seconds 
  Import took 0.084092 seconds .

========================================================================
Received Import Request.
  Time since last request: 92.215775 seconds.
  path: Assets/Images/image.PNG
  artifactKey: Guid(8bb9f2000de6c9240a69cdaa30d7db1d) Importer(815301076,1909f56bfc062723c751e8b465ee728b)
Start importing Assets/Images/image.PNG using Guid(8bb9f2000de6c9240a69cdaa30d7db1d) Importer(815301076,1909f56bfc062723c751e8b465ee728b)  -> (artifact id: '1d135eb999e4121f5071555068b32cdc') in 0.030431 seconds 
  Import took 0.034121 seconds .

========================================================================
Received Import Request.
  Time since last request: 0.000340 seconds.
  path: Assets/AR face Assets/Images/johnlemon.png
  artifactKey: Guid(fa07b4ad7317c4e83af2b9dda77de2a6) Importer(815301076,1909f56bfc062723c751e8b465ee728b)
Start importing Assets/AR face Assets/Images/johnlemon.png using Guid(fa07b4ad7317c4e83af2b9dda77de2a6) Importer(815301076,1909f56bfc062723c751e8b465ee728b)  -> (artifact id: '93a6080955a8e02b376a3b57a692c149') in 0.033940 seconds 
  Import took 0.037428 seconds .

========================================================================
Received Import Request.
  Time since last request: 0.000297 seconds.
  path: Assets/Images/image 1.PNG
  artifactKey: Guid(13438573f4a7e8e4f8a30ebc14d8fb61) Importer(815301076,1909f56bfc062723c751e8b465ee728b)
Start importing Assets/Images/image 1.PNG using Guid(13438573f4a7e8e4f8a30ebc14d8fb61) Importer(815301076,1909f56bfc062723c751e8b465ee728b)  -> (artifact id: '7990f083942cc66daf75d3308c57606c') in 0.020350 seconds 
  Import took 0.024159 seconds .

========================================================================
Received Import Request.
  Time since last request: 2.861117 seconds.
  path: Assets/AR face Assets/Images/createwithcode.png
  artifactKey: Guid(66d6838a092d4492495e57a70bc8d37d) Importer(815301076,1909f56bfc062723c751e8b465ee728b)
Start importing Assets/AR face Assets/Images/createwithcode.png using Guid(66d6838a092d4492495e57a70bc8d37d) Importer(815301076,1909f56bfc062723c751e8b465ee728b)  -> (artifact id: '83fd50bac85ac196f9106ec18c2869e8') in 0.026318 seconds 
  Import took 0.029862 seconds .

========================================================================
Received Import Request.
  Time since last request: 0.327977 seconds.
  path: Assets/Images/246180929_2133494166804811_704175796115713409_n.png
  artifactKey: Guid(91ad2e5cb2a0ff1438b0351dda991fb3) Importer(815301076,1909f56bfc062723c751e8b465ee728b)
Start importing Assets/Images/246180929_2133494166804811_704175796115713409_n.png using Guid(91ad2e5cb2a0ff1438b0351dda991fb3) Importer(815301076,1909f56bfc062723c751e8b465ee728b)  -> (artifact id: 'a440f6ab6f2ddc7567dfeeac2f3d9d77') in 0.013718 seconds 
  Import took 0.017309 seconds .

========================================================================
Received Import Request.
  Time since last request: 0.000396 seconds.
  path: Assets/Images/246455387_660150474949448_8033856042687195601_n.png
  artifactKey: Guid(db2e10da002fbef4aa803d26e46b1192) Importer(815301076,1909f56bfc062723c751e8b465ee728b)
Start importing Assets/Images/246455387_660150474949448_8033856042687195601_n.png using Guid(db2e10da002fbef4aa803d26e46b1192) Importer(815301076,1909f56bfc062723c751e8b465ee728b)  -> (artifact id: 'd497bd165ccb71292afd62e66f818998') in 0.019472 seconds 
  Import took 0.023118 seconds .

========================================================================
Received Import Request.
  Time since last request: 0.292907 seconds.
  path: Assets/Images/2.png
  artifactKey: Guid(89b7d34e903442e48bf820364e7f63f6) Importer(815301076,1909f56bfc062723c751e8b465ee728b)
Start importing Assets/Images/2.png using Guid(89b7d34e903442e48bf820364e7f63f6) Importer(815301076,1909f56bfc062723c751e8b465ee728b)  -> (artifact id: '22a507540159bd11b45d8a9fbc561b47') in 0.023436 seconds 
  Import took 0.027219 seconds .

========================================================================
Received Import Request.
  Time since last request: 0.000216 seconds.
  path: Assets/Images/3.png
  artifactKey: Guid(c2e4b9a690f37074fbeb84a4d97b49be) Importer(815301076,1909f56bfc062723c751e8b465ee728b)
Start importing Assets/Images/3.png using Guid(c2e4b9a690f37074fbeb84a4d97b49be) Importer(815301076,1909f56bfc062723c751e8b465ee728b)  -> (artifact id: 'dba079e211150dffb3b12ef94772fece') in 0.026099 seconds 
  Import took 0.030245 seconds .

========================================================================
Received Import Request.
  Time since last request: 0.119772 seconds.
  path: Assets/Images/1.png
  artifactKey: Guid(a88c0e4220e9e9b4d8c141ed9e7c236d) Importer(815301076,1909f56bfc062723c751e8b465ee728b)
Start importing Assets/Images/1.png using Guid(a88c0e4220e9e9b4d8c141ed9e7c236d) Importer(815301076,1909f56bfc062723c751e8b465ee728b)  -> (artifact id: 'cdaddbf66d76d80fc0a1984774aa4e11') in 0.020046 seconds 
  Import took 0.024674 seconds .

========================================================================
Received Import Request.
  Time since last request: 2.094706 seconds.
  path: Assets/AR face Assets/Images/rollaball.png
  artifactKey: Guid(6a82eb95ca0d74e18bcbd633cffee0af) Importer(815301076,1909f56bfc062723c751e8b465ee728b)
Start importing Assets/AR face Assets/Images/rollaball.png using Guid(6a82eb95ca0d74e18bcbd633cffee0af) Importer(815301076,1909f56bfc062723c751e8b465ee728b)  -> (artifact id: 'fbe249d1f05e2d84e6882a6080d86e2f') in 0.024733 seconds 
  Import took 0.028779 seconds .

========================================================================
Received Import Request.
  Time since last request: 45.180378 seconds.
  path: Assets/Scenes/AR Camera_unlocked.unity
  artifactKey: Guid(b1e22ca9f4f59fc49b740035bc4377f2) Importer(815301076,1909f56bfc062723c751e8b465ee728b)
Start importing Assets/Scenes/AR Camera_unlocked.unity using Guid(b1e22ca9f4f59fc49b740035bc4377f2) Importer(815301076,1909f56bfc062723c751e8b465ee728b)  -> (artifact id: 'bfb02290bd67546029d1e32aec29572f') in 0.004713 seconds 
  Import took 0.008335 seconds .

========================================================================
Received Import Request.
  Time since last request: 13.103861 seconds.
  path: Assets/Scenes/PurpleFace.unity
  artifactKey: Guid(e26fb3b40e1d8e84091c486f9cd9ef6e) Importer(815301076,1909f56bfc062723c751e8b465ee728b)
Start importing Assets/Scenes/PurpleFace.unity using Guid(e26fb3b40e1d8e84091c486f9cd9ef6e) Importer(815301076,1909f56bfc062723c751e8b465ee728b)  -> (artifact id: 'b080bef5dd7f9f507100fb9b7cd735b6') in 0.004414 seconds 
  Import took 0.008623 seconds .

========================================================================
Received Import Request.
  Time since last request: 1.927023 seconds.
  path: Assets/Scenes/RewardStore.unity
  artifactKey: Guid(7b8397b4e36708d4c89b05a7d8748b64) Importer(815301076,1909f56bfc062723c751e8b465ee728b)
Start importing Assets/Scenes/RewardStore.unity using Guid(7b8397b4e36708d4c89b05a7d8748b64) Importer(815301076,1909f56bfc062723c751e8b465ee728b)  -> (artifact id: '8319ba411b471cbc64d2a0ffb7473b04') in 0.009024 seconds 
  Import took 0.012357 seconds .

========================================================================
Received Import Request.
  Time since last request: 39.403946 seconds.
  path: Assets/Scenes/RewardStore_bought.unity
  artifactKey: Guid(b2e9fbcd40155f943b2a368b6a2b2b67) Importer(815301076,1909f56bfc062723c751e8b465ee728b)
Start importing Assets/Scenes/RewardStore_bought.unity using Guid(b2e9fbcd40155f943b2a368b6a2b2b67) Importer(815301076,1909f56bfc062723c751e8b465ee728b)  -> (artifact id: 'a92d363cc4d6cd82085ddf2af469b9f2') in 0.009326 seconds 
  Import took 0.013570 seconds .

========================================================================
Received Prepare
Refreshing native plugins compatible for Editor in 2.79 ms, found 2 plugins.
Preloading 0 native plugins for Editor in 0.00 ms.
Unloading 9 Unused Serialized files (Serialized files now loaded: 0)
System memory in use before: 46.1 MB.
System memory in use after: 46.2 MB.

Unloading 9 unused Assets to reduce memory usage. Loaded Objects now: 2243.
Total: 3.777700 ms (FindLiveObjects: 0.153300 ms CreateObjectMapping: 0.053700 ms MarkObjects: 3.446300 ms  DeleteObjects: 0.123300 ms)

AssetImportParameters requested are different than current active one (requested -> active):
  custom:framework-win-MediaFoundation: 216162199b28c13a410421893ffa2e32 -> 
  custom:video-decoder-ogg-theora: a1e56fd34408186e4bbccfd4996cb3dc -> 
  custom:container-muxer-webm: aa71ff27fc2769a1b78a27578f13a17b -> 
  custom:container-demuxer-webm: 4f35f7cbe854078d1ac9338744f61a02 -> 
  custom:container-demuxer-ogg: 62fdf1f143b41e24485cea50d1cbac27 -> 
  custom:video-encoder-webm-vp8: eb34c28f22e8b96e1ab97ce403110664 -> 
  custom:video-codec-MediaFoundation-h265: 746d11721c4dcdbdad8f713fa42b33f4 -> 
  custom:video-decoder-webm-vp8: 9c59270c3fd7afecdb556c50c9e8de78 -> 
  custom:audio-decoder-ogg-vorbis: bf7c407c2cedff20999df2af8eb42d56 -> 
  custom:audio-encoder-webm-vorbis: bf7c407c2cedff20999df2af8eb42d56 -> 
AssetImportWorkerClient::OnTransportError - code=2 error=End of file
